<?xml version="1.0" encoding="UTF-8"?>
<!-- Generated by org.testng.reporters.JUnitReportReporter -->
<testsuite hostname="KISHORE" failures="0" tests="1" name="JenkinsDemo.SampleTest" time="5.172" errors="0" timestamp="2022-11-12T18:56:44 IST" skipped="0">
  <testcase classname="JenkinsDemo.SampleTest" name="Test" time="5.172"/>
  <system-out/>
</testsuite> <!-- JenkinsDemo.SampleTest -->
